0 info it worked if it ends with ok
1 verbose cli [ '/Users/lizhi/.nvm/versions/node/v6.0.0/bin/node',
1 verbose cli   '/Users/lizhi/.nvm/versions/node/v6.0.0/bin/npm',
1 verbose cli   'run',
1 verbose cli   'lint' ]
2 info using npm@3.8.6
3 info using node@v6.0.0
4 verbose run-script [ 'prelint', 'lint', 'postlint' ]
5 info lifecycle ihealth-bp-mantra-demo@~prelint: ihealth-bp-mantra-demo@
6 silly lifecycle ihealth-bp-mantra-demo@~prelint: no script for prelint, continuing
7 info lifecycle ihealth-bp-mantra-demo@~lint: ihealth-bp-mantra-demo@
8 verbose lifecycle ihealth-bp-mantra-demo@~lint: unsafe-perm in lifecycle true
9 verbose lifecycle ihealth-bp-mantra-demo@~lint: PATH: /Users/lizhi/.nvm/versions/node/v6.0.0/lib/node_modules/npm/bin/node-gyp-bin:/Users/lizhi/Projects/ihealth-bp-mantra-demo/node_modules/.bin:/Users/lizhi/.nvm/versions/node/v6.0.0/bin:/Users/lizhi/.rvm/gems/ruby-2.2.1/bin:/Users/lizhi/.rvm/gems/ruby-2.2.1@global/bin:/Users/lizhi/.rvm/rubies/ruby-2.2.1/bin:/Users/lizhi/.nvm/versions/node/v6.0.0/bin:/usr/local/opt/coreutils/libexec/gnubin:/Users/lizhi/.rvm/gems/ruby-2.2.1/bin:/Users/lizhi/.rvm/bin:/Users/lizhi/.rvm/gems/ruby-2.2.1@global/gems:/opt/local/bin:/Users/lizhi/Library/Android/sdk:/Users/lizhi/Library/Android/sdk/platform-tools:/Users/lizhi/Library/Android/sdk/tools:/Users/lizhi/bin:/usr/local/bin:/usr/bin:/bin:/usr/sbin:/sbin:/Users/lizhi/.rvm/bin:/opt/local/bin:/Users/lizhi/bin
10 verbose lifecycle ihealth-bp-mantra-demo@~lint: CWD: /Users/lizhi/Projects/ihealth-bp-mantra-demo
11 silly lifecycle ihealth-bp-mantra-demo@~lint: Args: [ '-c', 'eslint ./lib ./client ./server --ext .js' ]
12 silly lifecycle ihealth-bp-mantra-demo@~lint: Returned: code: 1  signal: null
13 info lifecycle ihealth-bp-mantra-demo@~lint: Failed to exec lint script
14 verbose stack Error: ihealth-bp-mantra-demo@ lint: `eslint ./lib ./client ./server --ext .js`
14 verbose stack Exit status 1
14 verbose stack     at EventEmitter.<anonymous> (/Users/lizhi/.nvm/versions/node/v6.0.0/lib/node_modules/npm/lib/utils/lifecycle.js:239:16)
14 verbose stack     at emitTwo (events.js:106:13)
14 verbose stack     at EventEmitter.emit (events.js:191:7)
14 verbose stack     at ChildProcess.<anonymous> (/Users/lizhi/.nvm/versions/node/v6.0.0/lib/node_modules/npm/lib/utils/spawn.js:24:14)
14 verbose stack     at emitTwo (events.js:106:13)
14 verbose stack     at ChildProcess.emit (events.js:191:7)
14 verbose stack     at maybeClose (internal/child_process.js:850:16)
14 verbose stack     at Process.ChildProcess._handle.onexit (internal/child_process.js:215:5)
15 verbose pkgid ihealth-bp-mantra-demo@
16 verbose cwd /Users/lizhi/Projects/ihealth-bp-mantra-demo
17 error Darwin 15.5.0
18 error argv "/Users/lizhi/.nvm/versions/node/v6.0.0/bin/node" "/Users/lizhi/.nvm/versions/node/v6.0.0/bin/npm" "run" "lint"
19 error node v6.0.0
20 error npm  v3.8.6
21 error code ELIFECYCLE
22 error ihealth-bp-mantra-demo@ lint: `eslint ./lib ./client ./server --ext .js`
22 error Exit status 1
23 error Failed at the ihealth-bp-mantra-demo@ lint script 'eslint ./lib ./client ./server --ext .js'.
23 error Make sure you have the latest version of node.js and npm installed.
23 error If you do, this is most likely a problem with the ihealth-bp-mantra-demo package,
23 error not with npm itself.
23 error Tell the author that this fails on your system:
23 error     eslint ./lib ./client ./server --ext .js
23 error You can get information on how to open an issue for this project with:
23 error     npm bugs ihealth-bp-mantra-demo
23 error Or if that isn't available, you can get their info via:
23 error     npm owner ls ihealth-bp-mantra-demo
23 error There is likely additional logging output above.
24 verbose exit [ 1, true ]
